<?xml version="1.0" encoding="UTF-8"?>
<testng-results ignored="0" total="2" passed="2" failed="0" skipped="0">
  <reporter-output>
  </reporter-output>
  <suite started-at="2023-12-10T21:06:19 WIB" name="Default Suite" finished-at="2023-12-10T21:06:24 WIB" duration-ms="4963">
    <groups>
    </groups>
    <test started-at="2023-12-10T21:06:19 WIB" name="RESTassured" finished-at="2023-12-10T21:06:24 WIB" duration-ms="4963">
      <class name="APITests">
        <test-method signature="test1()[pri:0, instance:APITests@6a2b953e]" started-at="2023-12-10T21:06:19 WIB" name="test1" finished-at="2023-12-10T21:06:24 WIB" duration-ms="4596" status="PASS">
          <reporter-output>
          </reporter-output>
        </test-method> <!-- test1 -->
        <test-method signature="test2()[pri:0, instance:APITests@6a2b953e]" started-at="2023-12-10T21:06:24 WIB" name="test2" finished-at="2023-12-10T21:06:24 WIB" duration-ms="241" status="PASS">
          <reporter-output>
          </reporter-output>
        </test-method> <!-- test2 -->
      </class> <!-- APITests -->
    </test> <!-- RESTassured -->
  </suite> <!-- Default Suite -->
</testng-results>
